🔧 Database Environment Detected: local
📡 Connection String: postgresql://postgres:***@localhost:5432/marfanet
🚀 Initializing local database connection...
🚩 ATOMOS Feature Flag Manager v1.0 initialized with safe defaults
💗 Periodic health monitoring started (every 30s)
✅ PHASE 9: Integration health routes registered
✅ Database connection initialized successfully
[dotenv@17.2.2] injecting env (20) from .env -- tip: ⚙️  suppress all logs with { quiet: true }
✅ Static file serving enabled for /uploads directory
7:06:49 PM [express] Checking database connection...
📝 Log directory initialized: /workspaces/final-v-panel/logs
7:06:49 PM [database] Database connection successful
🔄 Admin user 'mgr' password reset successfully
💗 Registering health check routes...
✅ Health check routes registered successfully
✅ Standardized Invoice Routes Registered
✅ Integration health routes registered for Phase 9
✅ Representatives routes registered with authentication
✅ Admin resources routes registered (app-downloads, announcements)
✅ Phase 1: Portal content blocks routes registered
✅ Portal resources routes registered (public access)
✅ File upload and view tracking routes registered
✅ E-B6: Usage Line Visibility routes registered
✅ E-B5 Stage 3: KPI Metrics routes registered
✅ Batch Rollback Routes Registered
✅ E-C5: SLA Dashboard routes registered
⏰ Scheduling first overdue check in 293 minutes (at midnight)
✅ Overdue invoice auto-update job scheduled (daily at midnight)
✅ Dashboard real-time events routes registered
E-C1: OutboxWorker not started (outbox_enabled=off)
🚨 Unhandled Rejection at: Promise {
  <rejected> Error: Could not find the build directory: /workspaces/final-v-panel/dist/dist/public, make sure to build the client first
      at serveStatic (file:///workspaces/final-v-panel/dist/server/vite.js:56:15)
      at file:///workspaces/final-v-panel/dist/server/index.js:310:9
}
🚨 Reason: Error: Could not find the build directory: /workspaces/final-v-panel/dist/dist/public, make sure to build the client first
    at serveStatic (file:///workspaces/final-v-panel/dist/server/vite.js:56:15)
    at file:///workspaces/final-v-panel/dist/server/index.js:310:9
⚠️ Continuing execution despite unhandled rejection
💗 Database health status changed: HEALTHY
💗 Starting comprehensive health check...
💗 Health check completed in 1376ms
💗 Starting comprehensive health check...
💗 Health check completed in 1300ms
💗 Starting comprehensive health check...
💗 Health check completed in 1332ms
💗 Starting comprehensive health check...
💗 Health check completed in 1322ms
💗 Starting comprehensive health check...
💗 Health check completed in 1414ms
💗 Starting comprehensive health check...
💗 Health check completed in 1310ms
💗 Starting comprehensive health check...
💗 Health check completed in 1417ms
💗 Starting comprehensive health check...
💗 Health check completed in 1326ms
💗 Starting comprehensive health check...
💗 Health check completed in 1384ms
💗 Starting comprehensive health check...
💗 Health check completed in 1311ms
💗 Starting comprehensive health check...
💗 Health check completed in 1312ms
💗 Starting comprehensive health check...
💗 Health check completed in 1322ms
💗 Starting comprehensive health check...
💗 Health check completed in 1443ms
💗 Starting comprehensive health check...
💗 Health check completed in 1316ms
💗 Starting comprehensive health check...
💗 Health check completed in 1335ms
💗 Starting comprehensive health check...
💗 Health check completed in 1332ms
💗 Starting comprehensive health check...
💗 Health check completed in 1332ms
💗 Starting comprehensive health check...
💗 Health check completed in 1322ms
💗 Starting comprehensive health check...
💗 Health check completed in 1338ms
💗 Starting comprehensive health check...
💗 Health check completed in 1341ms
💗 Starting comprehensive health check...
💗 Health check completed in 1398ms
💗 Starting comprehensive health check...
💗 Health check completed in 1328ms
💗 Starting comprehensive health check...
💗 Health check completed in 1308ms
💗 Starting comprehensive health check...
💗 Health check completed in 1348ms
💗 Starting comprehensive health check...
💗 Health check completed in 1332ms
💗 Starting comprehensive health check...
💗 Health check completed in 1323ms
💗 Starting comprehensive health check...
💗 Health check completed in 1345ms
💗 Starting comprehensive health check...
💗 Health check completed in 1324ms
💗 Starting comprehensive health check...
💗 Health check completed in 1328ms
💗 Starting comprehensive health check...
💗 Health check completed in 1327ms
💗 Starting comprehensive health check...
💗 Health check completed in 1312ms
💗 Starting comprehensive health check...
💗 Health check completed in 1295ms
💗 Starting comprehensive health check...
💗 Health check completed in 1299ms
💗 Starting comprehensive health check...
💗 Health check completed in 1352ms
💗 Starting comprehensive health check...
💗 Health check completed in 1357ms
💗 Starting comprehensive health check...
💗 Health check completed in 1334ms
💗 Starting comprehensive health check...
💗 Health check completed in 1321ms
💗 Starting comprehensive health check...
💗 Health check completed in 1332ms
💗 Starting comprehensive health check...
💗 Health check completed in 1325ms
💗 Starting comprehensive health check...
💗 Health check completed in 1315ms
💗 Starting comprehensive health check...
💗 Health check completed in 1363ms
💗 Starting comprehensive health check...
💗 Health check completed in 1452ms
💗 Starting comprehensive health check...
💗 Health check completed in 1419ms
💗 Starting comprehensive health check...
💗 Health check completed in 1314ms
💗 Starting comprehensive health check...
💗 Health check completed in 1313ms
💗 Starting comprehensive health check...
💗 Health check completed in 1319ms
💗 Starting comprehensive health check...
💗 Health check completed in 1445ms
💗 Starting comprehensive health check...
💗 Health check completed in 1312ms
💗 Starting comprehensive health check...
💗 Health check completed in 1386ms
💗 Starting comprehensive health check...
💗 Health check completed in 1377ms
